<?xml version="1.0" encoding="UTF-8"?>
<!-- Generated by org.testng.reporters.JUnitXMLReporter -->
<testsuite hostname="LAPTOP-1AMA20NU" ignored="0" name="Test" tests="3" failures="0" timestamp="2021-05-22T00:43:37 IST" time="121.177" errors="0">
  <testcase name="totalValidation" time="47.962" classname="practice.AppiumFramework.Ecommerce_tc_4"/>
  <testcase name="apiDemo" time="40.184" classname="practice.AppiumFramework.ApiDemoTest"/>
  <testcase name="apiDemo" time="29.945" classname="practice.AppiumFramework.ApiDemoTest"/>
</testsuite> <!-- Test -->
