<?xml version="1.0" encoding="UTF-8"?>
<testng-results skipped="0" failed="0" ignored="0" total="3" passed="3">
  <reporter-output>
  </reporter-output>
  <suite name="Suite" duration-ms="121177" started-at="2021-05-22T00:41:36 IST" finished-at="2021-05-22T00:43:37 IST">
    <groups>
    </groups>
    <test name="Test" duration-ms="121177" started-at="2021-05-22T00:41:36 IST" finished-at="2021-05-22T00:43:37 IST">
      <class name="practice.AppiumFramework.ApiDemoTest">
        <test-method status="PASS" signature="apiDemo(java.lang.String)[pri:0, instance:practice.AppiumFramework.ApiDemoTest@42f93a98]" name="apiDemo" duration-ms="40184" started-at="2021-05-22T00:42:27 IST" data-provider="InputData" finished-at="2021-05-22T00:43:07 IST">
          <params>
            <param index="0">
              <value>
                <![CDATA[Hello]]>
              </value>
            </param>
          </params>
          <reporter-output>
          </reporter-output>
        </test-method> <!-- apiDemo -->
        <test-method status="PASS" signature="apiDemo(java.lang.String)[pri:0, instance:practice.AppiumFramework.ApiDemoTest@42f93a98]" name="apiDemo" duration-ms="29945" started-at="2021-05-22T00:43:07 IST" data-provider="InputData" finished-at="2021-05-22T00:43:37 IST">
          <params>
            <param index="0">
              <value>
                <![CDATA[AB-@$&]]>
              </value>
            </param>
          </params>
          <reporter-output>
          </reporter-output>
        </test-method> <!-- apiDemo -->
      </class> <!-- practice.AppiumFramework.ApiDemoTest -->
      <class name="practice.AppiumFramework.Ecommerce_tc_4">
        <test-method status="PASS" signature="killAllNodes()[pri:0, instance:practice.AppiumFramework.Ecommerce_tc_4@307f6b8c]" name="killAllNodes" is-config="true" duration-ms="3026" started-at="2021-05-22T00:41:36 IST" finished-at="2021-05-22T00:41:39 IST">
          <reporter-output>
          </reporter-output>
        </test-method> <!-- killAllNodes -->
        <test-method status="PASS" signature="totalValidation()[pri:0, instance:practice.AppiumFramework.Ecommerce_tc_4@307f6b8c]" name="totalValidation" duration-ms="47962" started-at="2021-05-22T00:41:39 IST" finished-at="2021-05-22T00:42:27 IST">
          <reporter-output>
          </reporter-output>
        </test-method> <!-- totalValidation -->
      </class> <!-- practice.AppiumFramework.Ecommerce_tc_4 -->
    </test> <!-- Test -->
  </suite> <!-- Suite -->
</testng-results>
